  Determining projects to restore...
  All projects are up-to-date for restore.
  Avalonia.Controls.TreeDataGrid -> C:\Users\quint\OneDrive\Documenten\GitHub\QMUSICSLSK\External\TreeDataGrid\src\Avalonia.Controls.TreeDataGrid\bin\Debug\net9.0\Avalonia.Controls.TreeDataGrid.dll
C:\Users\quint\OneDrive\Documenten\GitHub\QMUSICSLSK\Views\Avalonia\Controls\ProjectPickerDialog.axaml.cs(48,47): warning CS0108: 'ProjectPickerDialog.PropertyChanged' hides inherited member 'AvaloniaObject.PropertyChanged'. Use the new keyword if hiding was intended. [C:\Users\quint\OneDrive\Documenten\GitHub\QMUSICSLSK\SLSKDONET.csproj]
C:\Users\quint\OneDrive\Documenten\GitHub\QMUSICSLSK\Views\Avalonia\Controls\PromptDialog.axaml.cs(52,47): warning CS0108: 'PromptDialog.PropertyChanged' hides inherited member 'AvaloniaObject.PropertyChanged'. Use the new keyword if hiding was intended. [C:\Users\quint\OneDrive\Documenten\GitHub\QMUSICSLSK\SLSKDONET.csproj]
C:\Users\quint\OneDrive\Documenten\GitHub\QMUSICSLSK\Views\Avalonia\Converters\EnumToBooleanConverter.cs(14,20): warning CS8602: Dereference of a possibly null reference. [C:\Users\quint\OneDrive\Documenten\GitHub\QMUSICSLSK\SLSKDONET.csproj]
C:\Users\quint\OneDrive\Documenten\GitHub\QMUSICSLSK\ViewModels\IntelligenceCenterViewModel.cs(43,43): error CS0206: A non ref-returning property or indexer may not be used as an out or ref value [C:\Users\quint\OneDrive\Documenten\GitHub\QMUSICSLSK\SLSKDONET.csproj]
C:\Users\quint\OneDrive\Documenten\GitHub\QMUSICSLSK\ViewModels\HomeViewModel.cs(499,17): warning CS0219: The variable 'targetEnergy' is assigned but its value is never used [C:\Users\quint\OneDrive\Documenten\GitHub\QMUSICSLSK\SLSKDONET.csproj]
C:\Users\quint\OneDrive\Documenten\GitHub\QMUSICSLSK\ViewModels\HomeViewModel.cs(500,17): warning CS0219: The variable 'targetValence' is assigned but its value is never used [C:\Users\quint\OneDrive\Documenten\GitHub\QMUSICSLSK\SLSKDONET.csproj]
C:\Users\quint\OneDrive\Documenten\GitHub\QMUSICSLSK\ViewModels\IntelligenceCenterViewModel.cs(84,32): error CS0029: Cannot implicitly convert type 'ReactiveUI.ReactiveCommand<System.Reactive.Unit, SLSKDONET.ViewModels.IntelligenceViewState>' to 'ReactiveUI.ReactiveCommand<System.Reactive.Unit, System.Reactive.Unit>' [C:\Users\quint\OneDrive\Documenten\GitHub\QMUSICSLSK\SLSKDONET.csproj]
C:\Users\quint\OneDrive\Documenten\GitHub\QMUSICSLSK\ViewModels\IntelligenceCenterViewModel.cs(85,34): error CS0029: Cannot implicitly convert type 'ReactiveUI.ReactiveCommand<System.Reactive.Unit, SLSKDONET.ViewModels.IntelligenceViewState>' to 'ReactiveUI.ReactiveCommand<System.Reactive.Unit, System.Reactive.Unit>' [C:\Users\quint\OneDrive\Documenten\GitHub\QMUSICSLSK\SLSKDONET.csproj]
C:\Users\quint\OneDrive\Documenten\GitHub\QMUSICSLSK\ViewModels\IntelligenceCenterViewModel.cs(132,44): error CS1061: 'ILibraryService' does not contain a definition for 'GetAllTracksAsync' and no accessible extension method 'GetAllTracksAsync' accepting a first argument of type 'ILibraryService' could be found (are you missing a using directive or an assembly reference?) [C:\Users\quint\OneDrive\Documenten\GitHub\QMUSICSLSK\SLSKDONET.csproj]
C:\Users\quint\OneDrive\Documenten\GitHub\QMUSICSLSK\ViewModels\Library\TrackListViewModel.cs(58,21): warning CS8603: Possible null reference return. [C:\Users\quint\OneDrive\Documenten\GitHub\QMUSICSLSK\SLSKDONET.csproj]
C:\Users\quint\OneDrive\Documenten\GitHub\QMUSICSLSK\Views\Avalonia\Controls\PromptDialog.axaml.cs(22,12): warning CS8618: Non-nullable field '_title' must contain a non-null value when exiting constructor. Consider adding the 'required' modifier or declaring the field as nullable. [C:\Users\quint\OneDrive\Documenten\GitHub\QMUSICSLSK\SLSKDONET.csproj]
C:\Users\quint\OneDrive\Documenten\GitHub\QMUSICSLSK\Views\Avalonia\Controls\PromptDialog.axaml.cs(22,12): warning CS8618: Non-nullable field '_message' must contain a non-null value when exiting constructor. Consider adding the 'required' modifier or declaring the field as nullable. [C:\Users\quint\OneDrive\Documenten\GitHub\QMUSICSLSK\SLSKDONET.csproj]
C:\Users\quint\OneDrive\Documenten\GitHub\QMUSICSLSK\Views\Avalonia\Controls\PromptDialog.axaml.cs(22,12): warning CS8618: Non-nullable field '_inputText' must contain a non-null value when exiting constructor. Consider adding the 'required' modifier or declaring the field as nullable. [C:\Users\quint\OneDrive\Documenten\GitHub\QMUSICSLSK\SLSKDONET.csproj]
C:\Users\quint\OneDrive\Documenten\GitHub\QMUSICSLSK\Views\Avalonia\Controls\PromptDialog.axaml.cs(28,12): warning CS8618: Non-nullable field '_title' must contain a non-null value when exiting constructor. Consider adding the 'required' modifier or declaring the field as nullable. [C:\Users\quint\OneDrive\Documenten\GitHub\QMUSICSLSK\SLSKDONET.csproj]
C:\Users\quint\OneDrive\Documenten\GitHub\QMUSICSLSK\Views\Avalonia\Controls\PromptDialog.axaml.cs(28,12): warning CS8618: Non-nullable field '_message' must contain a non-null value when exiting constructor. Consider adding the 'required' modifier or declaring the field as nullable. [C:\Users\quint\OneDrive\Documenten\GitHub\QMUSICSLSK\SLSKDONET.csproj]
C:\Users\quint\OneDrive\Documenten\GitHub\QMUSICSLSK\Views\Avalonia\Controls\PromptDialog.axaml.cs(28,12): warning CS8618: Non-nullable field '_inputText' must contain a non-null value when exiting constructor. Consider adding the 'required' modifier or declaring the field as nullable. [C:\Users\quint\OneDrive\Documenten\GitHub\QMUSICSLSK\SLSKDONET.csproj]
C:\Users\quint\OneDrive\Documenten\GitHub\QMUSICSLSK\ViewModels\Library\TrackListViewModel.cs(371,12): warning CS8618: Non-nullable property 'SeparateStemsCommand' must contain a non-null value when exiting constructor. Consider adding the 'required' modifier or declaring the property as nullable. [C:\Users\quint\OneDrive\Documenten\GitHub\QMUSICSLSK\SLSKDONET.csproj]
C:\Users\quint\OneDrive\Documenten\GitHub\QMUSICSLSK\ViewModels\LibraryViewModel.Commands.cs(142,23): warning CS4014: Because this call is not awaited, execution of the current method continues before the call is completed. Consider applying the 'await' operator to the result of the call. [C:\Users\quint\OneDrive\Documenten\GitHub\QMUSICSLSK\SLSKDONET.csproj]
C:\Users\quint\OneDrive\Documenten\GitHub\QMUSICSLSK\ViewModels\LibraryViewModel.Commands.cs(151,28): warning CS4014: Because this call is not awaited, execution of the current method continues before the call is completed. Consider applying the 'await' operator to the result of the call. [C:\Users\quint\OneDrive\Documenten\GitHub\QMUSICSLSK\SLSKDONET.csproj]
C:\Users\quint\OneDrive\Documenten\GitHub\QMUSICSLSK\Services\Audio\RealTimeStemEngine.cs(20,18): warning CS0414: The field 'RealTimeStemEngine._isPlaying' is assigned but its value is never used [C:\Users\quint\OneDrive\Documenten\GitHub\QMUSICSLSK\SLSKDONET.csproj]

Build FAILED.

C:\Users\quint\OneDrive\Documenten\GitHub\QMUSICSLSK\Views\Avalonia\Controls\ProjectPickerDialog.axaml.cs(48,47): warning CS0108: 'ProjectPickerDialog.PropertyChanged' hides inherited member 'AvaloniaObject.PropertyChanged'. Use the new keyword if hiding was intended. [C:\Users\quint\OneDrive\Documenten\GitHub\QMUSICSLSK\SLSKDONET.csproj]
C:\Users\quint\OneDrive\Documenten\GitHub\QMUSICSLSK\Views\Avalonia\Controls\PromptDialog.axaml.cs(52,47): warning CS0108: 'PromptDialog.PropertyChanged' hides inherited member 'AvaloniaObject.PropertyChanged'. Use the new keyword if hiding was intended. [C:\Users\quint\OneDrive\Documenten\GitHub\QMUSICSLSK\SLSKDONET.csproj]
C:\Users\quint\OneDrive\Documenten\GitHub\QMUSICSLSK\Views\Avalonia\Converters\EnumToBooleanConverter.cs(14,20): warning CS8602: Dereference of a possibly null reference. [C:\Users\quint\OneDrive\Documenten\GitHub\QMUSICSLSK\SLSKDONET.csproj]
C:\Users\quint\OneDrive\Documenten\GitHub\QMUSICSLSK\ViewModels\HomeViewModel.cs(499,17): warning CS0219: The variable 'targetEnergy' is assigned but its value is never used [C:\Users\quint\OneDrive\Documenten\GitHub\QMUSICSLSK\SLSKDONET.csproj]
C:\Users\quint\OneDrive\Documenten\GitHub\QMUSICSLSK\ViewModels\HomeViewModel.cs(500,17): warning CS0219: The variable 'targetValence' is assigned but its value is never used [C:\Users\quint\OneDrive\Documenten\GitHub\QMUSICSLSK\SLSKDONET.csproj]
C:\Users\quint\OneDrive\Documenten\GitHub\QMUSICSLSK\ViewModels\Library\TrackListViewModel.cs(58,21): warning CS8603: Possible null reference return. [C:\Users\quint\OneDrive\Documenten\GitHub\QMUSICSLSK\SLSKDONET.csproj]
C:\Users\quint\OneDrive\Documenten\GitHub\QMUSICSLSK\Views\Avalonia\Controls\PromptDialog.axaml.cs(22,12): warning CS8618: Non-nullable field '_title' must contain a non-null value when exiting constructor. Consider adding the 'required' modifier or declaring the field as nullable. [C:\Users\quint\OneDrive\Documenten\GitHub\QMUSICSLSK\SLSKDONET.csproj]
C:\Users\quint\OneDrive\Documenten\GitHub\QMUSICSLSK\Views\Avalonia\Controls\PromptDialog.axaml.cs(22,12): warning CS8618: Non-nullable field '_message' must contain a non-null value when exiting constructor. Consider adding the 'required' modifier or declaring the field as nullable. [C:\Users\quint\OneDrive\Documenten\GitHub\QMUSICSLSK\SLSKDONET.csproj]
C:\Users\quint\OneDrive\Documenten\GitHub\QMUSICSLSK\Views\Avalonia\Controls\PromptDialog.axaml.cs(22,12): warning CS8618: Non-nullable field '_inputText' must contain a non-null value when exiting constructor. Consider adding the 'required' modifier or declaring the field as nullable. [C:\Users\quint\OneDrive\Documenten\GitHub\QMUSICSLSK\SLSKDONET.csproj]
C:\Users\quint\OneDrive\Documenten\GitHub\QMUSICSLSK\Views\Avalonia\Controls\PromptDialog.axaml.cs(28,12): warning CS8618: Non-nullable field '_title' must contain a non-null value when exiting constructor. Consider adding the 'required' modifier or declaring the field as nullable. [C:\Users\quint\OneDrive\Documenten\GitHub\QMUSICSLSK\SLSKDONET.csproj]
C:\Users\quint\OneDrive\Documenten\GitHub\QMUSICSLSK\Views\Avalonia\Controls\PromptDialog.axaml.cs(28,12): warning CS8618: Non-nullable field '_message' must contain a non-null value when exiting constructor. Consider adding the 'required' modifier or declaring the field as nullable. [C:\Users\quint\OneDrive\Documenten\GitHub\QMUSICSLSK\SLSKDONET.csproj]
C:\Users\quint\OneDrive\Documenten\GitHub\QMUSICSLSK\Views\Avalonia\Controls\PromptDialog.axaml.cs(28,12): warning CS8618: Non-nullable field '_inputText' must contain a non-null value when exiting constructor. Consider adding the 'required' modifier or declaring the field as nullable. [C:\Users\quint\OneDrive\Documenten\GitHub\QMUSICSLSK\SLSKDONET.csproj]
C:\Users\quint\OneDrive\Documenten\GitHub\QMUSICSLSK\ViewModels\Library\TrackListViewModel.cs(371,12): warning CS8618: Non-nullable property 'SeparateStemsCommand' must contain a non-null value when exiting constructor. Consider adding the 'required' modifier or declaring the property as nullable. [C:\Users\quint\OneDrive\Documenten\GitHub\QMUSICSLSK\SLSKDONET.csproj]
C:\Users\quint\OneDrive\Documenten\GitHub\QMUSICSLSK\ViewModels\LibraryViewModel.Commands.cs(142,23): warning CS4014: Because this call is not awaited, execution of the current method continues before the call is completed. Consider applying the 'await' operator to the result of the call. [C:\Users\quint\OneDrive\Documenten\GitHub\QMUSICSLSK\SLSKDONET.csproj]
C:\Users\quint\OneDrive\Documenten\GitHub\QMUSICSLSK\ViewModels\LibraryViewModel.Commands.cs(151,28): warning CS4014: Because this call is not awaited, execution of the current method continues before the call is completed. Consider applying the 'await' operator to the result of the call. [C:\Users\quint\OneDrive\Documenten\GitHub\QMUSICSLSK\SLSKDONET.csproj]
C:\Users\quint\OneDrive\Documenten\GitHub\QMUSICSLSK\Services\Audio\RealTimeStemEngine.cs(20,18): warning CS0414: The field 'RealTimeStemEngine._isPlaying' is assigned but its value is never used [C:\Users\quint\OneDrive\Documenten\GitHub\QMUSICSLSK\SLSKDONET.csproj]
C:\Users\quint\OneDrive\Documenten\GitHub\QMUSICSLSK\ViewModels\IntelligenceCenterViewModel.cs(43,43): error CS0206: A non ref-returning property or indexer may not be used as an out or ref value [C:\Users\quint\OneDrive\Documenten\GitHub\QMUSICSLSK\SLSKDONET.csproj]
C:\Users\quint\OneDrive\Documenten\GitHub\QMUSICSLSK\ViewModels\IntelligenceCenterViewModel.cs(84,32): error CS0029: Cannot implicitly convert type 'ReactiveUI.ReactiveCommand<System.Reactive.Unit, SLSKDONET.ViewModels.IntelligenceViewState>' to 'ReactiveUI.ReactiveCommand<System.Reactive.Unit, System.Reactive.Unit>' [C:\Users\quint\OneDrive\Documenten\GitHub\QMUSICSLSK\SLSKDONET.csproj]
C:\Users\quint\OneDrive\Documenten\GitHub\QMUSICSLSK\ViewModels\IntelligenceCenterViewModel.cs(85,34): error CS0029: Cannot implicitly convert type 'ReactiveUI.ReactiveCommand<System.Reactive.Unit, SLSKDONET.ViewModels.IntelligenceViewState>' to 'ReactiveUI.ReactiveCommand<System.Reactive.Unit, System.Reactive.Unit>' [C:\Users\quint\OneDrive\Documenten\GitHub\QMUSICSLSK\SLSKDONET.csproj]
C:\Users\quint\OneDrive\Documenten\GitHub\QMUSICSLSK\ViewModels\IntelligenceCenterViewModel.cs(132,44): error CS1061: 'ILibraryService' does not contain a definition for 'GetAllTracksAsync' and no accessible extension method 'GetAllTracksAsync' accepting a first argument of type 'ILibraryService' could be found (are you missing a using directive or an assembly reference?) [C:\Users\quint\OneDrive\Documenten\GitHub\QMUSICSLSK\SLSKDONET.csproj]
    16 Warning(s)
    4 Error(s)

Time Elapsed 00:00:08.02
