  Determining projects to restore...
  All projects are up-to-date for restore.
  Avalonia.Controls.TreeDataGrid -> C:\Users\quint\OneDrive\Documenten\GitHub\QMUSICSLSK\External\TreeDataGrid\src\Avalonia.Controls.TreeDataGrid\bin\Debug\net9.0\Avalonia.Controls.TreeDataGrid.dll
C:\Users\quint\OneDrive\Documenten\GitHub\QMUSICSLSK\Views\Avalonia\Controls\LiveBackground.cs(111,50): warning CS0618: 'SKFilterQuality' is obsolete: 'Use SKSamplingOptions instead.' [C:\Users\quint\OneDrive\Documenten\GitHub\QMUSICSLSK\SLSKDONET.csproj]
C:\Users\quint\OneDrive\Documenten\GitHub\QMUSICSLSK\Views\Avalonia\Controls\LiveBackground.cs(111,21): warning CS0618: 'SKBitmap.ScalePixels(SKBitmap, SKFilterQuality)' is obsolete: 'Use ScalePixels(SKBitmap destination, SKSamplingOptions sampling) instead.' [C:\Users\quint\OneDrive\Documenten\GitHub\QMUSICSLSK\SLSKDONET.csproj]
C:\Users\quint\OneDrive\Documenten\GitHub\QMUSICSLSK\Services\Audio\TransitionPreviewService.cs(63,28): warning CS8600: Converting null literal or possible null value to non-nullable type. [C:\Users\quint\OneDrive\Documenten\GitHub\QMUSICSLSK\SLSKDONET.csproj]
C:\Users\quint\OneDrive\Documenten\GitHub\QMUSICSLSK\Services\Audio\TransitionPreviewService.cs(64,28): warning CS8600: Converting null literal or possible null value to non-nullable type. [C:\Users\quint\OneDrive\Documenten\GitHub\QMUSICSLSK\SLSKDONET.csproj]
C:\Users\quint\OneDrive\Documenten\GitHub\QMUSICSLSK\Views\Avalonia\Controls\LiveBackground.cs(200,21): warning CS0618: 'SKPaint.FilterQuality' is obsolete: 'Use SKSamplingOptions instead.' [C:\Users\quint\OneDrive\Documenten\GitHub\QMUSICSLSK\SLSKDONET.csproj]
C:\Users\quint\OneDrive\Documenten\GitHub\QMUSICSLSK\Views\Avalonia\Controls\LiveBackground.cs(200,37): warning CS0618: 'SKFilterQuality' is obsolete: 'Use SKSamplingOptions instead.' [C:\Users\quint\OneDrive\Documenten\GitHub\QMUSICSLSK\SLSKDONET.csproj]
C:\Users\quint\OneDrive\Documenten\GitHub\QMUSICSLSK\Views\Avalonia\Controls\SetEnergyMap.cs(278,17): warning CS0618: 'SKPaint.TextSize' is obsolete: 'Use SKFont.Size instead.' [C:\Users\quint\OneDrive\Documenten\GitHub\QMUSICSLSK\SLSKDONET.csproj]
C:\Users\quint\OneDrive\Documenten\GitHub\QMUSICSLSK\Views\Avalonia\Controls\SetEnergyMap.cs(281,13): warning CS0618: 'SKCanvas.DrawText(string, float, float, SKPaint)' is obsolete: 'Use DrawText(string text, float x, float y, SKTextAlign textAlign, SKFont font, SKPaint paint) instead.' [C:\Users\quint\OneDrive\Documenten\GitHub\QMUSICSLSK\SLSKDONET.csproj]
C:\Users\quint\OneDrive\Documenten\GitHub\QMUSICSLSK\Services\Analysis\SetlistStressTestService.cs(661,38): warning CS8601: Possible null reference assignment. [C:\Users\quint\OneDrive\Documenten\GitHub\QMUSICSLSK\SLSKDONET.csproj]
C:\Users\quint\OneDrive\Documenten\GitHub\QMUSICSLSK\ViewModels\Discovery\DiscoveryHubViewModel.cs(167,26): warning CS8601: Possible null reference assignment. [C:\Users\quint\OneDrive\Documenten\GitHub\QMUSICSLSK\SLSKDONET.csproj]
C:\Users\quint\OneDrive\Documenten\GitHub\QMUSICSLSK\ViewModels\Discovery\DiscoveryHubViewModel.cs(168,25): warning CS8601: Possible null reference assignment. [C:\Users\quint\OneDrive\Documenten\GitHub\QMUSICSLSK\SLSKDONET.csproj]
C:\Users\quint\OneDrive\Documenten\GitHub\QMUSICSLSK\ViewModels\Downloads\UnifiedTrackViewModel.cs(229,41): error CS0103: The name 'SearchAttempts' does not exist in the current context [C:\Users\quint\OneDrive\Documenten\GitHub\QMUSICSLSK\SLSKDONET.csproj]
C:\Users\quint\OneDrive\Documenten\GitHub\QMUSICSLSK\ViewModels\DJCompanionViewModel.cs(321,64): warning CS8600: Converting null literal or possible null value to non-nullable type. [C:\Users\quint\OneDrive\Documenten\GitHub\QMUSICSLSK\SLSKDONET.csproj]
C:\Users\quint\OneDrive\Documenten\GitHub\QMUSICSLSK\ViewModels\DJCompanionViewModel.cs(321,64): warning CS8602: Dereference of a possibly null reference. [C:\Users\quint\OneDrive\Documenten\GitHub\QMUSICSLSK\SLSKDONET.csproj]
C:\Users\quint\OneDrive\Documenten\GitHub\QMUSICSLSK\ViewModels\DJCompanionViewModel.cs(321,63): warning CS8602: Dereference of a possibly null reference. [C:\Users\quint\OneDrive\Documenten\GitHub\QMUSICSLSK\SLSKDONET.csproj]
C:\Users\quint\OneDrive\Documenten\GitHub\QMUSICSLSK\ViewModels\DJCompanionViewModel.cs(321,38): warning CS8600: Converting null literal or possible null value to non-nullable type. [C:\Users\quint\OneDrive\Documenten\GitHub\QMUSICSLSK\SLSKDONET.csproj]
C:\Users\quint\OneDrive\Documenten\GitHub\QMUSICSLSK\ViewModels\DJCompanionViewModel.cs(320,39): warning CS8601: Possible null reference assignment. [C:\Users\quint\OneDrive\Documenten\GitHub\QMUSICSLSK\SLSKDONET.csproj]
C:\Users\quint\OneDrive\Documenten\GitHub\QMUSICSLSK\ViewModels\DJCompanionViewModel.cs(296,16): warning CS8618: Non-nullable field '_setIntelligenceService' must contain a non-null value when exiting constructor. Consider adding the 'required' modifier or declaring the field as nullable. [C:\Users\quint\OneDrive\Documenten\GitHub\QMUSICSLSK\SLSKDONET.csproj]
C:\Users\quint\OneDrive\Documenten\GitHub\QMUSICSLSK\ViewModels\MixPreviewViewModel.cs(32,16): warning CS8618: Non-nullable field '_waveformDataA' must contain a non-null value when exiting constructor. Consider adding the 'required' modifier or declaring the field as nullable. [C:\Users\quint\OneDrive\Documenten\GitHub\QMUSICSLSK\SLSKDONET.csproj]
C:\Users\quint\OneDrive\Documenten\GitHub\QMUSICSLSK\ViewModels\MixPreviewViewModel.cs(32,16): warning CS8618: Non-nullable field '_waveformDataB' must contain a non-null value when exiting constructor. Consider adding the 'required' modifier or declaring the field as nullable. [C:\Users\quint\OneDrive\Documenten\GitHub\QMUSICSLSK\SLSKDONET.csproj]
C:\Users\quint\OneDrive\Documenten\GitHub\QMUSICSLSK\ViewModels\ForensicUnifiedViewModel.cs(219,63): warning CS8604: Possible null reference argument for parameter 'item' in 'int Collection<PlaylistTrackViewModel>.IndexOf(PlaylistTrackViewModel item)'. [C:\Users\quint\OneDrive\Documenten\GitHub\QMUSICSLSK\SLSKDONET.csproj]
C:\Users\quint\OneDrive\Documenten\GitHub\QMUSICSLSK\ViewModels\ForensicUnifiedViewModel.cs(464,65): warning CS8602: Dereference of a possibly null reference. [C:\Users\quint\OneDrive\Documenten\GitHub\QMUSICSLSK\SLSKDONET.csproj]
C:\Users\quint\OneDrive\Documenten\GitHub\QMUSICSLSK\ViewModels\HomeViewModel.cs(499,17): warning CS0219: The variable 'targetEnergy' is assigned but its value is never used [C:\Users\quint\OneDrive\Documenten\GitHub\QMUSICSLSK\SLSKDONET.csproj]
C:\Users\quint\OneDrive\Documenten\GitHub\QMUSICSLSK\ViewModels\HomeViewModel.cs(500,17): warning CS0219: The variable 'targetValence' is assigned but its value is never used [C:\Users\quint\OneDrive\Documenten\GitHub\QMUSICSLSK\SLSKDONET.csproj]
C:\Users\quint\OneDrive\Documenten\GitHub\QMUSICSLSK\ViewModels\ForensicUnifiedViewModel.cs(481,63): warning CS8604: Possible null reference argument for parameter 'item' in 'int Collection<PlaylistTrackViewModel>.IndexOf(PlaylistTrackViewModel item)'. [C:\Users\quint\OneDrive\Documenten\GitHub\QMUSICSLSK\SLSKDONET.csproj]
C:\Users\quint\OneDrive\Documenten\GitHub\QMUSICSLSK\Services\CrashRecoveryService.cs(104,21): warning CS0162: Unreachable code detected [C:\Users\quint\OneDrive\Documenten\GitHub\QMUSICSLSK\SLSKDONET.csproj]
C:\Users\quint\OneDrive\Documenten\GitHub\QMUSICSLSK\ViewModels\TrackInspectorViewModel.cs(1036,54): warning CS8602: Dereference of a possibly null reference. [C:\Users\quint\OneDrive\Documenten\GitHub\QMUSICSLSK\SLSKDONET.csproj]
C:\Users\quint\OneDrive\Documenten\GitHub\QMUSICSLSK\ViewModels\Library\TrackOperationsViewModel.cs(207,9): warning CS4014: Because this call is not awaited, execution of the current method continues before the call is completed. Consider applying the 'await' operator to the result of the call. [C:\Users\quint\OneDrive\Documenten\GitHub\QMUSICSLSK\SLSKDONET.csproj]
C:\Users\quint\OneDrive\Documenten\GitHub\QMUSICSLSK\Services\DownloadDiscoveryService.cs(77,26): warning CS0219: The variable 'bestResult' is assigned but its value is never used [C:\Users\quint\OneDrive\Documenten\GitHub\QMUSICSLSK\SLSKDONET.csproj]
C:\Users\quint\OneDrive\Documenten\GitHub\QMUSICSLSK\ViewModels\Downloads\DownloadCenterViewModel.cs(201,17): warning CS4014: Because this call is not awaited, execution of the current method continues before the call is completed. Consider applying the 'await' operator to the result of the call. [C:\Users\quint\OneDrive\Documenten\GitHub\QMUSICSLSK\SLSKDONET.csproj]
C:\Users\quint\OneDrive\Documenten\GitHub\QMUSICSLSK\ViewModels\Library\TrackOperationsViewModel.cs(313,17): warning CS4014: Because this call is not awaited, execution of the current method continues before the call is completed. Consider applying the 'await' operator to the result of the call. [C:\Users\quint\OneDrive\Documenten\GitHub\QMUSICSLSK\SLSKDONET.csproj]
C:\Users\quint\OneDrive\Documenten\GitHub\QMUSICSLSK\Services\HarmonicMatchService.cs(80,15): warning CS8618: Non-nullable field '_logger' must contain a non-null value when exiting constructor. Consider adding the 'required' modifier or declaring the field as nullable. [C:\Users\quint\OneDrive\Documenten\GitHub\QMUSICSLSK\SLSKDONET.csproj]
C:\Users\quint\OneDrive\Documenten\GitHub\QMUSICSLSK\Services\HarmonicMatchService.cs(80,15): warning CS8618: Non-nullable field '_libraryService' must contain a non-null value when exiting constructor. Consider adding the 'required' modifier or declaring the field as nullable. [C:\Users\quint\OneDrive\Documenten\GitHub\QMUSICSLSK\SLSKDONET.csproj]
C:\Users\quint\OneDrive\Documenten\GitHub\QMUSICSLSK\Services\HarmonicMatchService.cs(80,15): warning CS8618: Non-nullable field '_databaseService' must contain a non-null value when exiting constructor. Consider adding the 'required' modifier or declaring the field as nullable. [C:\Users\quint\OneDrive\Documenten\GitHub\QMUSICSLSK\SLSKDONET.csproj]
C:\Users\quint\OneDrive\Documenten\GitHub\QMUSICSLSK\Services\Import\AutoCleanerService.cs(39,98): warning CS8604: Possible null reference argument for parameter 'artist' in '(string NormalizedArtist, string NormalizedTitle) SearchNormalizationService.NormalizeForSoulseek(string artist, string title)'. [C:\Users\quint\OneDrive\Documenten\GitHub\QMUSICSLSK\SLSKDONET.csproj]
C:\Users\quint\OneDrive\Documenten\GitHub\QMUSICSLSK\Services\Import\AutoCleanerService.cs(39,112): warning CS8604: Possible null reference argument for parameter 'title' in '(string NormalizedArtist, string NormalizedTitle) SearchNormalizationService.NormalizeForSoulseek(string artist, string title)'. [C:\Users\quint\OneDrive\Documenten\GitHub\QMUSICSLSK\SLSKDONET.csproj]
C:\Users\quint\OneDrive\Documenten\GitHub\QMUSICSLSK\ViewModels\LibraryViewModel.Commands.cs(147,23): warning CS4014: Because this call is not awaited, execution of the current method continues before the call is completed. Consider applying the 'await' operator to the result of the call. [C:\Users\quint\OneDrive\Documenten\GitHub\QMUSICSLSK\SLSKDONET.csproj]
C:\Users\quint\OneDrive\Documenten\GitHub\QMUSICSLSK\ViewModels\LibraryViewModel.Commands.cs(156,28): warning CS4014: Because this call is not awaited, execution of the current method continues before the call is completed. Consider applying the 'await' operator to the result of the call. [C:\Users\quint\OneDrive\Documenten\GitHub\QMUSICSLSK\SLSKDONET.csproj]
C:\Users\quint\OneDrive\Documenten\GitHub\QMUSICSLSK\ViewModels\Library\TrackListViewModel.cs(400,12): warning CS8618: Non-nullable property 'SeparateStemsCommand' must contain a non-null value when exiting constructor. Consider adding the 'required' modifier or declaring the property as nullable. [C:\Users\quint\OneDrive\Documenten\GitHub\QMUSICSLSK\SLSKDONET.csproj]
C:\Users\quint\OneDrive\Documenten\GitHub\QMUSICSLSK\Services\Export\RekordboxExportService.cs(254,17): warning CS0219: The variable 'harmonicChanges' is assigned but its value is never used [C:\Users\quint\OneDrive\Documenten\GitHub\QMUSICSLSK\SLSKDONET.csproj]
C:\Users\quint\OneDrive\Documenten\GitHub\QMUSICSLSK\Services\Export\PathNormalizer.cs(31,34): warning SYSLIB0013: 'Uri.EscapeUriString(string)' is obsolete: 'Uri.EscapeUriString can corrupt the Uri string in some cases. Consider using Uri.EscapeDataString for query string components instead.' (https://aka.ms/dotnet-warnings/SYSLIB0013) [C:\Users\quint\OneDrive\Documenten\GitHub\QMUSICSLSK\SLSKDONET.csproj]
C:\Users\quint\OneDrive\Documenten\GitHub\QMUSICSLSK\Services\Export\PathNormalizer.cs(37,34): warning SYSLIB0013: 'Uri.EscapeUriString(string)' is obsolete: 'Uri.EscapeUriString can corrupt the Uri string in some cases. Consider using Uri.EscapeDataString for query string components instead.' (https://aka.ms/dotnet-warnings/SYSLIB0013) [C:\Users\quint\OneDrive\Documenten\GitHub\QMUSICSLSK\SLSKDONET.csproj]
C:\Users\quint\OneDrive\Documenten\GitHub\QMUSICSLSK\Services\SpotifyEnrichmentService.cs(400,20): warning CS8600: Converting null literal or possible null value to non-nullable type. [C:\Users\quint\OneDrive\Documenten\GitHub\QMUSICSLSK\SLSKDONET.csproj]
C:\Users\quint\OneDrive\Documenten\GitHub\QMUSICSLSK\Services\SpotifyEnrichmentService.cs(400,20): warning CS8603: Possible null reference return. [C:\Users\quint\OneDrive\Documenten\GitHub\QMUSICSLSK\SLSKDONET.csproj]
C:\Users\quint\OneDrive\Documenten\GitHub\QMUSICSLSK\Services\Repositories\TrackRepository.cs(924,62): warning CS8602: Dereference of a possibly null reference. [C:\Users\quint\OneDrive\Documenten\GitHub\QMUSICSLSK\SLSKDONET.csproj]
C:\Users\quint\OneDrive\Documenten\GitHub\QMUSICSLSK\Services\Repositories\TrackRepository.cs(925,33): warning CS8602: Dereference of a possibly null reference. [C:\Users\quint\OneDrive\Documenten\GitHub\QMUSICSLSK\SLSKDONET.csproj]
C:\Users\quint\OneDrive\Documenten\GitHub\QMUSICSLSK\Services\Repositories\TrackRepository.cs(926,36): warning CS8602: Dereference of a possibly null reference. [C:\Users\quint\OneDrive\Documenten\GitHub\QMUSICSLSK\SLSKDONET.csproj]
C:\Users\quint\OneDrive\Documenten\GitHub\QMUSICSLSK\Services\Repositories\TrackRepository.cs(927,42): warning CS8602: Dereference of a possibly null reference. [C:\Users\quint\OneDrive\Documenten\GitHub\QMUSICSLSK\SLSKDONET.csproj]
C:\Users\quint\OneDrive\Documenten\GitHub\QMUSICSLSK\Services\Repositories\TrackRepository.cs(928,37): warning CS8602: Dereference of a possibly null reference. [C:\Users\quint\OneDrive\Documenten\GitHub\QMUSICSLSK\SLSKDONET.csproj]
C:\Users\quint\OneDrive\Documenten\GitHub\QMUSICSLSK\Services\Repositories\TrackRepository.cs(929,59): warning CS8602: Dereference of a possibly null reference. [C:\Users\quint\OneDrive\Documenten\GitHub\QMUSICSLSK\SLSKDONET.csproj]
C:\Users\quint\OneDrive\Documenten\GitHub\QMUSICSLSK\Services\DownloadManager.cs(2481,47): warning CS8625: Cannot convert null literal to non-nullable reference type. [C:\Users\quint\OneDrive\Documenten\GitHub\QMUSICSLSK\SLSKDONET.csproj]
C:\Users\quint\OneDrive\Documenten\GitHub\QMUSICSLSK\Views\Avalonia\Controls\WaveformControl.cs(243,24): warning CS0414: The field 'WaveformControl._lastViewOffset' is assigned but its value is never used [C:\Users\quint\OneDrive\Documenten\GitHub\QMUSICSLSK\SLSKDONET.csproj]

Build FAILED.

C:\Users\quint\OneDrive\Documenten\GitHub\QMUSICSLSK\Views\Avalonia\Controls\LiveBackground.cs(111,50): warning CS0618: 'SKFilterQuality' is obsolete: 'Use SKSamplingOptions instead.' [C:\Users\quint\OneDrive\Documenten\GitHub\QMUSICSLSK\SLSKDONET.csproj]
C:\Users\quint\OneDrive\Documenten\GitHub\QMUSICSLSK\Views\Avalonia\Controls\LiveBackground.cs(111,21): warning CS0618: 'SKBitmap.ScalePixels(SKBitmap, SKFilterQuality)' is obsolete: 'Use ScalePixels(SKBitmap destination, SKSamplingOptions sampling) instead.' [C:\Users\quint\OneDrive\Documenten\GitHub\QMUSICSLSK\SLSKDONET.csproj]
C:\Users\quint\OneDrive\Documenten\GitHub\QMUSICSLSK\Services\Audio\TransitionPreviewService.cs(63,28): warning CS8600: Converting null literal or possible null value to non-nullable type. [C:\Users\quint\OneDrive\Documenten\GitHub\QMUSICSLSK\SLSKDONET.csproj]
C:\Users\quint\OneDrive\Documenten\GitHub\QMUSICSLSK\Services\Audio\TransitionPreviewService.cs(64,28): warning CS8600: Converting null literal or possible null value to non-nullable type. [C:\Users\quint\OneDrive\Documenten\GitHub\QMUSICSLSK\SLSKDONET.csproj]
C:\Users\quint\OneDrive\Documenten\GitHub\QMUSICSLSK\Views\Avalonia\Controls\LiveBackground.cs(200,21): warning CS0618: 'SKPaint.FilterQuality' is obsolete: 'Use SKSamplingOptions instead.' [C:\Users\quint\OneDrive\Documenten\GitHub\QMUSICSLSK\SLSKDONET.csproj]
C:\Users\quint\OneDrive\Documenten\GitHub\QMUSICSLSK\Views\Avalonia\Controls\LiveBackground.cs(200,37): warning CS0618: 'SKFilterQuality' is obsolete: 'Use SKSamplingOptions instead.' [C:\Users\quint\OneDrive\Documenten\GitHub\QMUSICSLSK\SLSKDONET.csproj]
C:\Users\quint\OneDrive\Documenten\GitHub\QMUSICSLSK\Views\Avalonia\Controls\SetEnergyMap.cs(278,17): warning CS0618: 'SKPaint.TextSize' is obsolete: 'Use SKFont.Size instead.' [C:\Users\quint\OneDrive\Documenten\GitHub\QMUSICSLSK\SLSKDONET.csproj]
C:\Users\quint\OneDrive\Documenten\GitHub\QMUSICSLSK\Views\Avalonia\Controls\SetEnergyMap.cs(281,13): warning CS0618: 'SKCanvas.DrawText(string, float, float, SKPaint)' is obsolete: 'Use DrawText(string text, float x, float y, SKTextAlign textAlign, SKFont font, SKPaint paint) instead.' [C:\Users\quint\OneDrive\Documenten\GitHub\QMUSICSLSK\SLSKDONET.csproj]
C:\Users\quint\OneDrive\Documenten\GitHub\QMUSICSLSK\Services\Analysis\SetlistStressTestService.cs(661,38): warning CS8601: Possible null reference assignment. [C:\Users\quint\OneDrive\Documenten\GitHub\QMUSICSLSK\SLSKDONET.csproj]
C:\Users\quint\OneDrive\Documenten\GitHub\QMUSICSLSK\ViewModels\Discovery\DiscoveryHubViewModel.cs(167,26): warning CS8601: Possible null reference assignment. [C:\Users\quint\OneDrive\Documenten\GitHub\QMUSICSLSK\SLSKDONET.csproj]
C:\Users\quint\OneDrive\Documenten\GitHub\QMUSICSLSK\ViewModels\Discovery\DiscoveryHubViewModel.cs(168,25): warning CS8601: Possible null reference assignment. [C:\Users\quint\OneDrive\Documenten\GitHub\QMUSICSLSK\SLSKDONET.csproj]
C:\Users\quint\OneDrive\Documenten\GitHub\QMUSICSLSK\ViewModels\DJCompanionViewModel.cs(321,64): warning CS8600: Converting null literal or possible null value to non-nullable type. [C:\Users\quint\OneDrive\Documenten\GitHub\QMUSICSLSK\SLSKDONET.csproj]
C:\Users\quint\OneDrive\Documenten\GitHub\QMUSICSLSK\ViewModels\DJCompanionViewModel.cs(321,64): warning CS8602: Dereference of a possibly null reference. [C:\Users\quint\OneDrive\Documenten\GitHub\QMUSICSLSK\SLSKDONET.csproj]
C:\Users\quint\OneDrive\Documenten\GitHub\QMUSICSLSK\ViewModels\DJCompanionViewModel.cs(321,63): warning CS8602: Dereference of a possibly null reference. [C:\Users\quint\OneDrive\Documenten\GitHub\QMUSICSLSK\SLSKDONET.csproj]
C:\Users\quint\OneDrive\Documenten\GitHub\QMUSICSLSK\ViewModels\DJCompanionViewModel.cs(321,38): warning CS8600: Converting null literal or possible null value to non-nullable type. [C:\Users\quint\OneDrive\Documenten\GitHub\QMUSICSLSK\SLSKDONET.csproj]
C:\Users\quint\OneDrive\Documenten\GitHub\QMUSICSLSK\ViewModels\DJCompanionViewModel.cs(320,39): warning CS8601: Possible null reference assignment. [C:\Users\quint\OneDrive\Documenten\GitHub\QMUSICSLSK\SLSKDONET.csproj]
C:\Users\quint\OneDrive\Documenten\GitHub\QMUSICSLSK\ViewModels\DJCompanionViewModel.cs(296,16): warning CS8618: Non-nullable field '_setIntelligenceService' must contain a non-null value when exiting constructor. Consider adding the 'required' modifier or declaring the field as nullable. [C:\Users\quint\OneDrive\Documenten\GitHub\QMUSICSLSK\SLSKDONET.csproj]
C:\Users\quint\OneDrive\Documenten\GitHub\QMUSICSLSK\ViewModels\MixPreviewViewModel.cs(32,16): warning CS8618: Non-nullable field '_waveformDataA' must contain a non-null value when exiting constructor. Consider adding the 'required' modifier or declaring the field as nullable. [C:\Users\quint\OneDrive\Documenten\GitHub\QMUSICSLSK\SLSKDONET.csproj]
C:\Users\quint\OneDrive\Documenten\GitHub\QMUSICSLSK\ViewModels\MixPreviewViewModel.cs(32,16): warning CS8618: Non-nullable field '_waveformDataB' must contain a non-null value when exiting constructor. Consider adding the 'required' modifier or declaring the field as nullable. [C:\Users\quint\OneDrive\Documenten\GitHub\QMUSICSLSK\SLSKDONET.csproj]
C:\Users\quint\OneDrive\Documenten\GitHub\QMUSICSLSK\ViewModels\ForensicUnifiedViewModel.cs(219,63): warning CS8604: Possible null reference argument for parameter 'item' in 'int Collection<PlaylistTrackViewModel>.IndexOf(PlaylistTrackViewModel item)'. [C:\Users\quint\OneDrive\Documenten\GitHub\QMUSICSLSK\SLSKDONET.csproj]
C:\Users\quint\OneDrive\Documenten\GitHub\QMUSICSLSK\ViewModels\ForensicUnifiedViewModel.cs(464,65): warning CS8602: Dereference of a possibly null reference. [C:\Users\quint\OneDrive\Documenten\GitHub\QMUSICSLSK\SLSKDONET.csproj]
C:\Users\quint\OneDrive\Documenten\GitHub\QMUSICSLSK\ViewModels\HomeViewModel.cs(499,17): warning CS0219: The variable 'targetEnergy' is assigned but its value is never used [C:\Users\quint\OneDrive\Documenten\GitHub\QMUSICSLSK\SLSKDONET.csproj]
C:\Users\quint\OneDrive\Documenten\GitHub\QMUSICSLSK\ViewModels\HomeViewModel.cs(500,17): warning CS0219: The variable 'targetValence' is assigned but its value is never used [C:\Users\quint\OneDrive\Documenten\GitHub\QMUSICSLSK\SLSKDONET.csproj]
C:\Users\quint\OneDrive\Documenten\GitHub\QMUSICSLSK\ViewModels\ForensicUnifiedViewModel.cs(481,63): warning CS8604: Possible null reference argument for parameter 'item' in 'int Collection<PlaylistTrackViewModel>.IndexOf(PlaylistTrackViewModel item)'. [C:\Users\quint\OneDrive\Documenten\GitHub\QMUSICSLSK\SLSKDONET.csproj]
C:\Users\quint\OneDrive\Documenten\GitHub\QMUSICSLSK\Services\CrashRecoveryService.cs(104,21): warning CS0162: Unreachable code detected [C:\Users\quint\OneDrive\Documenten\GitHub\QMUSICSLSK\SLSKDONET.csproj]
C:\Users\quint\OneDrive\Documenten\GitHub\QMUSICSLSK\ViewModels\TrackInspectorViewModel.cs(1036,54): warning CS8602: Dereference of a possibly null reference. [C:\Users\quint\OneDrive\Documenten\GitHub\QMUSICSLSK\SLSKDONET.csproj]
C:\Users\quint\OneDrive\Documenten\GitHub\QMUSICSLSK\ViewModels\Library\TrackOperationsViewModel.cs(207,9): warning CS4014: Because this call is not awaited, execution of the current method continues before the call is completed. Consider applying the 'await' operator to the result of the call. [C:\Users\quint\OneDrive\Documenten\GitHub\QMUSICSLSK\SLSKDONET.csproj]
C:\Users\quint\OneDrive\Documenten\GitHub\QMUSICSLSK\Services\DownloadDiscoveryService.cs(77,26): warning CS0219: The variable 'bestResult' is assigned but its value is never used [C:\Users\quint\OneDrive\Documenten\GitHub\QMUSICSLSK\SLSKDONET.csproj]
C:\Users\quint\OneDrive\Documenten\GitHub\QMUSICSLSK\ViewModels\Downloads\DownloadCenterViewModel.cs(201,17): warning CS4014: Because this call is not awaited, execution of the current method continues before the call is completed. Consider applying the 'await' operator to the result of the call. [C:\Users\quint\OneDrive\Documenten\GitHub\QMUSICSLSK\SLSKDONET.csproj]
C:\Users\quint\OneDrive\Documenten\GitHub\QMUSICSLSK\ViewModels\Library\TrackOperationsViewModel.cs(313,17): warning CS4014: Because this call is not awaited, execution of the current method continues before the call is completed. Consider applying the 'await' operator to the result of the call. [C:\Users\quint\OneDrive\Documenten\GitHub\QMUSICSLSK\SLSKDONET.csproj]
C:\Users\quint\OneDrive\Documenten\GitHub\QMUSICSLSK\Services\HarmonicMatchService.cs(80,15): warning CS8618: Non-nullable field '_logger' must contain a non-null value when exiting constructor. Consider adding the 'required' modifier or declaring the field as nullable. [C:\Users\quint\OneDrive\Documenten\GitHub\QMUSICSLSK\SLSKDONET.csproj]
C:\Users\quint\OneDrive\Documenten\GitHub\QMUSICSLSK\Services\HarmonicMatchService.cs(80,15): warning CS8618: Non-nullable field '_libraryService' must contain a non-null value when exiting constructor. Consider adding the 'required' modifier or declaring the field as nullable. [C:\Users\quint\OneDrive\Documenten\GitHub\QMUSICSLSK\SLSKDONET.csproj]
C:\Users\quint\OneDrive\Documenten\GitHub\QMUSICSLSK\Services\HarmonicMatchService.cs(80,15): warning CS8618: Non-nullable field '_databaseService' must contain a non-null value when exiting constructor. Consider adding the 'required' modifier or declaring the field as nullable. [C:\Users\quint\OneDrive\Documenten\GitHub\QMUSICSLSK\SLSKDONET.csproj]
C:\Users\quint\OneDrive\Documenten\GitHub\QMUSICSLSK\Services\Import\AutoCleanerService.cs(39,98): warning CS8604: Possible null reference argument for parameter 'artist' in '(string NormalizedArtist, string NormalizedTitle) SearchNormalizationService.NormalizeForSoulseek(string artist, string title)'. [C:\Users\quint\OneDrive\Documenten\GitHub\QMUSICSLSK\SLSKDONET.csproj]
C:\Users\quint\OneDrive\Documenten\GitHub\QMUSICSLSK\Services\Import\AutoCleanerService.cs(39,112): warning CS8604: Possible null reference argument for parameter 'title' in '(string NormalizedArtist, string NormalizedTitle) SearchNormalizationService.NormalizeForSoulseek(string artist, string title)'. [C:\Users\quint\OneDrive\Documenten\GitHub\QMUSICSLSK\SLSKDONET.csproj]
C:\Users\quint\OneDrive\Documenten\GitHub\QMUSICSLSK\ViewModels\LibraryViewModel.Commands.cs(147,23): warning CS4014: Because this call is not awaited, execution of the current method continues before the call is completed. Consider applying the 'await' operator to the result of the call. [C:\Users\quint\OneDrive\Documenten\GitHub\QMUSICSLSK\SLSKDONET.csproj]
C:\Users\quint\OneDrive\Documenten\GitHub\QMUSICSLSK\ViewModels\LibraryViewModel.Commands.cs(156,28): warning CS4014: Because this call is not awaited, execution of the current method continues before the call is completed. Consider applying the 'await' operator to the result of the call. [C:\Users\quint\OneDrive\Documenten\GitHub\QMUSICSLSK\SLSKDONET.csproj]
C:\Users\quint\OneDrive\Documenten\GitHub\QMUSICSLSK\ViewModels\Library\TrackListViewModel.cs(400,12): warning CS8618: Non-nullable property 'SeparateStemsCommand' must contain a non-null value when exiting constructor. Consider adding the 'required' modifier or declaring the property as nullable. [C:\Users\quint\OneDrive\Documenten\GitHub\QMUSICSLSK\SLSKDONET.csproj]
C:\Users\quint\OneDrive\Documenten\GitHub\QMUSICSLSK\Services\Export\RekordboxExportService.cs(254,17): warning CS0219: The variable 'harmonicChanges' is assigned but its value is never used [C:\Users\quint\OneDrive\Documenten\GitHub\QMUSICSLSK\SLSKDONET.csproj]
C:\Users\quint\OneDrive\Documenten\GitHub\QMUSICSLSK\Services\Export\PathNormalizer.cs(31,34): warning SYSLIB0013: 'Uri.EscapeUriString(string)' is obsolete: 'Uri.EscapeUriString can corrupt the Uri string in some cases. Consider using Uri.EscapeDataString for query string components instead.' (https://aka.ms/dotnet-warnings/SYSLIB0013) [C:\Users\quint\OneDrive\Documenten\GitHub\QMUSICSLSK\SLSKDONET.csproj]
C:\Users\quint\OneDrive\Documenten\GitHub\QMUSICSLSK\Services\Export\PathNormalizer.cs(37,34): warning SYSLIB0013: 'Uri.EscapeUriString(string)' is obsolete: 'Uri.EscapeUriString can corrupt the Uri string in some cases. Consider using Uri.EscapeDataString for query string components instead.' (https://aka.ms/dotnet-warnings/SYSLIB0013) [C:\Users\quint\OneDrive\Documenten\GitHub\QMUSICSLSK\SLSKDONET.csproj]
C:\Users\quint\OneDrive\Documenten\GitHub\QMUSICSLSK\Services\SpotifyEnrichmentService.cs(400,20): warning CS8600: Converting null literal or possible null value to non-nullable type. [C:\Users\quint\OneDrive\Documenten\GitHub\QMUSICSLSK\SLSKDONET.csproj]
C:\Users\quint\OneDrive\Documenten\GitHub\QMUSICSLSK\Services\SpotifyEnrichmentService.cs(400,20): warning CS8603: Possible null reference return. [C:\Users\quint\OneDrive\Documenten\GitHub\QMUSICSLSK\SLSKDONET.csproj]
C:\Users\quint\OneDrive\Documenten\GitHub\QMUSICSLSK\Services\Repositories\TrackRepository.cs(924,62): warning CS8602: Dereference of a possibly null reference. [C:\Users\quint\OneDrive\Documenten\GitHub\QMUSICSLSK\SLSKDONET.csproj]
C:\Users\quint\OneDrive\Documenten\GitHub\QMUSICSLSK\Services\Repositories\TrackRepository.cs(925,33): warning CS8602: Dereference of a possibly null reference. [C:\Users\quint\OneDrive\Documenten\GitHub\QMUSICSLSK\SLSKDONET.csproj]
C:\Users\quint\OneDrive\Documenten\GitHub\QMUSICSLSK\Services\Repositories\TrackRepository.cs(926,36): warning CS8602: Dereference of a possibly null reference. [C:\Users\quint\OneDrive\Documenten\GitHub\QMUSICSLSK\SLSKDONET.csproj]
C:\Users\quint\OneDrive\Documenten\GitHub\QMUSICSLSK\Services\Repositories\TrackRepository.cs(927,42): warning CS8602: Dereference of a possibly null reference. [C:\Users\quint\OneDrive\Documenten\GitHub\QMUSICSLSK\SLSKDONET.csproj]
C:\Users\quint\OneDrive\Documenten\GitHub\QMUSICSLSK\Services\Repositories\TrackRepository.cs(928,37): warning CS8602: Dereference of a possibly null reference. [C:\Users\quint\OneDrive\Documenten\GitHub\QMUSICSLSK\SLSKDONET.csproj]
C:\Users\quint\OneDrive\Documenten\GitHub\QMUSICSLSK\Services\Repositories\TrackRepository.cs(929,59): warning CS8602: Dereference of a possibly null reference. [C:\Users\quint\OneDrive\Documenten\GitHub\QMUSICSLSK\SLSKDONET.csproj]
C:\Users\quint\OneDrive\Documenten\GitHub\QMUSICSLSK\Services\DownloadManager.cs(2481,47): warning CS8625: Cannot convert null literal to non-nullable reference type. [C:\Users\quint\OneDrive\Documenten\GitHub\QMUSICSLSK\SLSKDONET.csproj]
C:\Users\quint\OneDrive\Documenten\GitHub\QMUSICSLSK\Views\Avalonia\Controls\WaveformControl.cs(243,24): warning CS0414: The field 'WaveformControl._lastViewOffset' is assigned but its value is never used [C:\Users\quint\OneDrive\Documenten\GitHub\QMUSICSLSK\SLSKDONET.csproj]
C:\Users\quint\OneDrive\Documenten\GitHub\QMUSICSLSK\ViewModels\Downloads\UnifiedTrackViewModel.cs(229,41): error CS0103: The name 'SearchAttempts' does not exist in the current context [C:\Users\quint\OneDrive\Documenten\GitHub\QMUSICSLSK\SLSKDONET.csproj]
    51 Warning(s)
    1 Error(s)

Time Elapsed 00:00:07.68
